<?xml version="1.0" encoding="UTF-8"?>
<!-- Generated by org.testng.reporters.JUnitReportReporter -->
<testsuite skipped="0" hostname="AbhishekLaptop" name="com.qa.hubspot.tests.LoginTest" tests="3" failures="0" timestamp="20 Apr 2020 21:25:04 GMT" time="0.958" errors="0">
  <testcase name="verifyLoginPageTitleTest" time="0.020" classname="com.qa.hubspot.tests.LoginTest"/>
  <testcase name="verifySignUpLinkTest" time="0.089" classname="com.qa.hubspot.tests.LoginTest"/>
  <testcase name="doLoginTest" time="0.849" classname="com.qa.hubspot.tests.LoginTest"/>
</testsuite> <!-- com.qa.hubspot.tests.LoginTest -->
